# JRE version: OpenJDK Runtime Environment (8.0_152-b01) (build 1.8.0_152-release-915-b01)
# Java VM: OpenJDK 64-Bit Server VM (25.152-b01 mixed mode windows-amd64 compressed oops)
Heap:
 PSYoungGen      total 136192K, used 123740K [0x000000076ab00000, 0x0000000773500000, 0x00000007c0000000)
  eden space 131072K, 94% used [0x000000076ab00000,0x00000007723d71b0,0x0000000772b00000)
  from space 5120K, 0% used [0x0000000772b00000,0x0000000772b00000,0x0000000773000000)
  to   space 5120K, 0% used [0x0000000773000000,0x0000000773000000,0x0000000773500000)
 ParOldGen       total 155136K, used 154888K [0x00000006c0000000, 0x00000006c9780000, 0x000000076ab00000)
  object space 155136K, 99% used [0x00000006c0000000,0x00000006c9742208,0x00000006c9780000)
 Metaspace       used 6694K, capacity 7320K, committed 7680K, reserved 1056768K
  class space    used 614K, capacity 656K, committed 768K, reserved 1048576K
GC Heap History (10 events):
Event: 50.530 GC heap before
{Heap before GC invocations=28 (full 17):
 PSYoungGen      total 136192K, used 131072K [0x000000076ab00000, 0x0000000773500000, 0x00000007c0000000)
  eden space 131072K, 100% used [0x000000076ab00000,0x0000000772b00000,0x0000000772b00000)
  from space 5120K, 0% used [0x0000000772b00000,0x0000000772b00000,0x0000000773000000)
  to   space 5120K, 0% used [0x0000000773000000,0x0000000773000000,0x0000000773500000)
 ParOldGen       total 155136K, used 155081K [0x00000006c0000000, 0x00000006c9780000, 0x000000076ab00000)
  object space 155136K, 99% used [0x00000006c0000000,0x00000006c9772598,0x00000006c9780000)
 Metaspace       used 6694K, capacity 7320K, committed 7680K, reserved 1056768K
  class space    used 614K, capacity 656K, committed 768K, reserved 1048576K
Event: 51.262 GC heap after
Heap after GC invocations=28 (full 17):
 PSYoungGen      total 136192K, used 114106K [0x000000076ab00000, 0x0000000773500000, 0x00000007c0000000)
  eden space 131072K, 87% used [0x000000076ab00000,0x0000000771a6e898,0x0000000772b00000)
  from space 5120K, 0% used [0x0000000772b00000,0x0000000772b00000,0x0000000773000000)
  to   space 5120K, 0% used [0x0000000773000000,0x0000000773000000,0x0000000773500000)
 ParOldGen       total 155136K, used 154953K [0x00000006c0000000, 0x00000006c9780000, 0x000000076ab00000)
  object space 155136K, 99% used [0x00000006c0000000,0x00000006c9752578,0x00000006c9780000)
 Metaspace       used 6694K, capacity 7320K, committed 7680K, reserved 1056768K
  class space    used 614K, capacity 656K, committed 768K, reserved 1048576K
}
Event: 51.287 GC heap before
{Heap before GC invocations=29 (full 18):
 PSYoungGen      total 136192K, used 131072K [0x000000076ab00000, 0x0000000773500000, 0x00000007c0000000)
  eden space 131072K, 100% used [0x000000076ab00000,0x0000000772b00000,0x0000000772b00000)
  from space 5120K, 0% used [0x0000000772b00000,0x0000000772b00000,0x0000000773000000)
  to   space 5120K, 0% used [0x0000000773000000,0x0000000773000000,0x0000000773500000)
 ParOldGen       total 155136K, used 154953K [0x00000006c0000000, 0x00000006c9780000, 0x000000076ab00000)
  object space 155136K, 99% used [0x00000006c0000000,0x00000006c9752578,0x00000006c9780000)
 Metaspace       used 6694K, capacity 7320K, committed 7680K, reserved 1056768K
  class space    used 614K, capacity 656K, committed 768K, reserved 1048576K
Event: 51.818 GC heap after
Heap after GC invocations=29 (full 18):
 PSYoungGen      total 136192K, used 116798K [0x000000076ab00000, 0x0000000773500000, 0x00000007c0000000)
  eden space 131072K, 89% used [0x000000076ab00000,0x0000000771d0fb68,0x0000000772b00000)
  from space 5120K, 0% used [0x0000000772b00000,0x0000000772b00000,0x0000000773000000)
  to   space 5120K, 0% used [0x0000000773000000,0x0000000773000000,0x0000000773500000)
 ParOldGen       total 155136K, used 154888K [0x00000006c0000000, 0x00000006c9780000, 0x000000076ab00000)
  object space 155136K, 99% used [0x00000006c0000000,0x00000006c97423e8,0x00000006c9780000)
 Metaspace       used 6694K, capacity 7320K, committed 7680K, reserved 1056768K
  class space    used 614K, capacity 656K, committed 768K, reserved 1048576K
}
Event: 51.881 GC heap before
{Heap before GC invocations=30 (full 19):
 PSYoungGen      total 136192K, used 131072K [0x000000076ab00000, 0x0000000773500000, 0x00000007c0000000)
  eden space 131072K, 100% used [0x000000076ab00000,0x0000000772b00000,0x0000000772b00000)
  from space 5120K, 0% used [0x0000000772b00000,0x0000000772b00000,0x0000000773000000)
  to   space 5120K, 0% used [0x0000000773000000,0x0000000773000000,0x0000000773500000)
 ParOldGen       total 155136K, used 154888K [0x00000006c0000000, 0x00000006c9780000, 0x000000076ab00000)
  object space 155136K, 99% used [0x00000006c0000000,0x00000006c97423e8,0x00000006c9780000)
 Metaspace       used 6694K, capacity 7320K, committed 7680K, reserved 1056768K
  class space    used 614K, capacity 656K, committed 768K, reserved 1048576K
Event: 52.386 GC heap after
Heap after GC invocations=30 (full 19):
 PSYoungGen      total 136192K, used 118789K [0x000000076ab00000, 0x0000000773500000, 0x00000007c0000000)
  eden space 131072K, 90% used [0x000000076ab00000,0x0000000771f01788,0x0000000772b00000)
  from space 5120K, 0% used [0x0000000772b00000,0x0000000772b00000,0x0000000773000000)
  to   space 5120K, 0% used [0x0000000773000000,0x0000000773000000,0x0000000773500000)
 ParOldGen       total 155136K, used 154888K [0x00000006c0000000, 0x00000006c9780000, 0x000000076ab00000)
  object space 155136K, 99% used [0x00000006c0000000,0x00000006c9742308,0x00000006c9780000)
 Metaspace       used 6694K, capacity 7320K, committed 7680K, reserved 1056768K
  class space    used 614K, capacity 656K, committed 768K, reserved 1048576K
}
Event: 52.422 GC heap before
{Heap before GC invocations=31 (full 20):
 PSYoungGen      total 136192K, used 131072K [0x000000076ab00000, 0x0000000773500000, 0x00000007c0000000)
  eden space 131072K, 100% used [0x000000076ab00000,0x0000000772b00000,0x0000000772b00000)
  from space 5120K, 0% used [0x0000000772b00000,0x0000000772b00000,0x0000000773000000)
  to   space 5120K, 0% used [0x0000000773000000,0x0000000773000000,0x0000000773500000)
 ParOldGen       total 155136K, used 154888K [0x00000006c0000000, 0x00000006c9780000, 0x000000076ab00000)
  object space 155136K, 99% used [0x00000006c0000000,0x00000006c9742308,0x00000006c9780000)
 Metaspace       used 6694K, capacity 7320K, committed 7680K, reserved 1056768K
  class space    used 614K, capacity 656K, committed 768K, reserved 1048576K
Event: 52.765 GC heap after
Heap after GC invocations=31 (full 20):
 PSYoungGen      total 136192K, used 120803K [0x000000076ab00000, 0x0000000773500000, 0x00000007c0000000)
  eden space 131072K, 92% used [0x000000076ab00000,0x00000007720f8d60,0x0000000772b00000)
  from space 5120K, 0% used [0x0000000772b00000,0x0000000772b00000,0x0000000773000000)
  to   space 5120K, 0% used [0x0000000773000000,0x0000000773000000,0x0000000773500000)
 ParOldGen       total 155136K, used 154888K [0x00000006c0000000, 0x00000006c9780000, 0x000000076ab00000)
  object space 155136K, 99% used [0x00000006c0000000,0x00000006c9742308,0x00000006c9780000)
 Metaspace       used 6694K, capacity 7320K, committed 7680K, reserved 1056768K
  class space    used 614K, capacity 656K, committed 768K, reserved 1048576K
}
Event: 52.782 GC heap before
{Heap before GC invocations=32 (full 21):
 PSYoungGen      total 136192K, used 131072K [0x000000076ab00000, 0x0000000773500000, 0x00000007c0000000)
  eden space 131072K, 100% used [0x000000076ab00000,0x0000000772b00000,0x0000000772b00000)
  from space 5120K, 0% used [0x0000000772b00000,0x0000000772b00000,0x0000000773000000)
  to   space 5120K, 0% used [0x0000000773000000,0x0000000773000000,0x0000000773500000)
 ParOldGen       total 155136K, used 154888K [0x00000006c0000000, 0x00000006c9780000, 0x000000076ab00000)
  object space 155136K, 99% used [0x00000006c0000000,0x00000006c9742308,0x00000006c9780000)
 Metaspace       used 6694K, capacity 7320K, committed 7680K, reserved 1056768K
  class space    used 614K, capacity 656K, committed 768K, reserved 1048576K
Event: 53.766 GC heap after
Heap after GC invocations=32 (full 21):
 PSYoungGen      total 136192K, used 122195K [0x000000076ab00000, 0x0000000773500000, 0x00000007c0000000)
  eden space 131072K, 93% used [0x000000076ab00000,0x0000000772254f88,0x0000000772b00000)
  from space 5120K, 0% used [0x0000000772b00000,0x0000000772b00000,0x0000000773000000)
  to   space 5120K, 0% used [0x0000000773000000,0x0000000773000000,0x0000000773500000)
 ParOldGen       total 155136K, used 154888K [0x00000006c0000000, 0x00000006c9780000, 0x000000076ab00000)
  object space 155136K, 99% used [0x00000006c0000000,0x00000006c9742208,0x00000006c9780000)
 Metaspace       used 6694K, capacity 7320K, committed 7680K, reserved 1056768K
  class space    used 614K, capacity 656K, committed 768K, reserved 1048576K
}

