# JRE version: OpenJDK Runtime Environment (8.0_152-b01) (build 1.8.0_152-release-915-b01)
# Java VM: OpenJDK 64-Bit Server VM (25.152-b01 mixed mode windows-amd64 compressed oops)
Heap:
 PSYoungGen      total 279552K, used 127687K [0x000000076ab00000, 0x000000077e500000, 0x00000007c0000000)
  eden space 256000K, 40% used [0x000000076ab00000,0x00000007710b5650,0x000000077a500000)
  from space 23552K, 99% used [0x000000077c200000,0x000000077d8fc628,0x000000077d900000)
  to   space 29696K, 0% used [0x000000077a500000,0x000000077a500000,0x000000077c200000)
 ParOldGen       total 165376K, used 98143K [0x00000006c0000000, 0x00000006ca180000, 0x000000076ab00000)
  object space 165376K, 59% used [0x00000006c0000000,0x00000006c5fd7f58,0x00000006ca180000)
 Metaspace       used 6647K, capacity 7320K, committed 7680K, reserved 1056768K
  class space    used 612K, capacity 656K, committed 768K, reserved 1048576K
GC Heap History (10 events):
Event: 1.830 GC heap before
{Heap before GC invocations=5 (full 0):
 PSYoungGen      total 136192K, used 136189K [0x000000076ab00000, 0x0000000773500000, 0x00000007c0000000)
  eden space 131072K, 100% used [0x000000076ab00000,0x0000000772b00000,0x0000000772b00000)
  from space 5120K, 99% used [0x0000000773000000,0x00000007734ff448,0x0000000773500000)
  to   space 5120K, 0% used [0x0000000772b00000,0x0000000772b00000,0x0000000773000000)
 ParOldGen       total 86016K, used 7524K [0x00000006c0000000, 0x00000006c5400000, 0x000000076ab00000)
  object space 86016K, 8% used [0x00000006c0000000,0x00000006c0759178,0x00000006c5400000)
 Metaspace       used 6495K, capacity 7192K, committed 7424K, reserved 1056768K
  class space    used 612K, capacity 656K, committed 768K, reserved 1048576K
Event: 1.857 GC heap after
Heap after GC invocations=5 (full 0):
 PSYoungGen      total 136192K, used 5106K [0x000000076ab00000, 0x000000077d900000, 0x00000007c0000000)
  eden space 131072K, 0% used [0x000000076ab00000,0x000000076ab00000,0x0000000772b00000)
  from space 5120K, 99% used [0x0000000772b00000,0x0000000772ffc948,0x0000000773000000)
  to   space 23552K, 0% used [0x000000077c200000,0x000000077c200000,0x000000077d900000)
 ParOldGen       total 86016K, used 28133K [0x00000006c0000000, 0x00000006c5400000, 0x000000076ab00000)
  object space 86016K, 32% used [0x00000006c0000000,0x00000006c1b796e0,0x00000006c5400000)
 Metaspace       used 6495K, capacity 7192K, committed 7424K, reserved 1056768K
  class space    used 612K, capacity 656K, committed 768K, reserved 1048576K
}
Event: 2.250 GC heap before
{Heap before GC invocations=6 (full 0):
 PSYoungGen      total 136192K, used 136178K [0x000000076ab00000, 0x000000077d900000, 0x00000007c0000000)
  eden space 131072K, 100% used [0x000000076ab00000,0x0000000772b00000,0x0000000772b00000)
  from space 5120K, 99% used [0x0000000772b00000,0x0000000772ffc948,0x0000000773000000)
  to   space 23552K, 0% used [0x000000077c200000,0x000000077c200000,0x000000077d900000)
 ParOldGen       total 86016K, used 28133K [0x00000006c0000000, 0x00000006c5400000, 0x000000076ab00000)
  object space 86016K, 32% used [0x00000006c0000000,0x00000006c1b796e0,0x00000006c5400000)
 Metaspace       used 6567K, capacity 7256K, committed 7424K, reserved 1056768K
  class space    used 612K, capacity 656K, committed 768K, reserved 1048576K
Event: 2.283 GC heap after
Heap after GC invocations=6 (full 0):
 PSYoungGen      total 279552K, used 23523K [0x000000076ab00000, 0x000000077e500000, 0x00000007c0000000)
  eden space 256000K, 0% used [0x000000076ab00000,0x000000076ab00000,0x000000077a500000)
  from space 23552K, 99% used [0x000000077c200000,0x000000077d8f8c78,0x000000077d900000)
  to   space 29696K, 0% used [0x000000077a500000,0x000000077a500000,0x000000077c200000)
 ParOldGen       total 86016K, used 29252K [0x00000006c0000000, 0x00000006c5400000, 0x000000076ab00000)
  object space 86016K, 34% used [0x00000006c0000000,0x00000006c1c910d0,0x00000006c5400000)
 Metaspace       used 6567K, capacity 7256K, committed 7424K, reserved 1056768K
  class space    used 612K, capacity 656K, committed 768K, reserved 1048576K
}
Event: 2.958 GC heap before
{Heap before GC invocations=7 (full 0):
 PSYoungGen      total 279552K, used 279523K [0x000000076ab00000, 0x000000077e500000, 0x00000007c0000000)
  eden space 256000K, 100% used [0x000000076ab00000,0x000000077a500000,0x000000077a500000)
  from space 23552K, 99% used [0x000000077c200000,0x000000077d8f8c78,0x000000077d900000)
  to   space 29696K, 0% used [0x000000077a500000,0x000000077a500000,0x000000077c200000)
 ParOldGen       total 86016K, used 29252K [0x00000006c0000000, 0x00000006c5400000, 0x000000076ab00000)
  object space 86016K, 34% used [0x00000006c0000000,0x00000006c1c910d0,0x00000006c5400000)
 Metaspace       used 6605K, capacity 7256K, committed 7424K, reserved 1056768K
  class space    used 612K, capacity 656K, committed 768K, reserved 1048576K
Event: 3.042 GC heap after
Heap after GC invocations=7 (full 0):
 PSYoungGen      total 285696K, used 29673K [0x000000076ab00000, 0x000000077e500000, 0x00000007c0000000)
  eden space 256000K, 0% used [0x000000076ab00000,0x000000076ab00000,0x000000077a500000)
  from space 29696K, 99% used [0x000000077a500000,0x000000077c1fa7c0,0x000000077c200000)
  to   space 23552K, 0% used [0x000000077c200000,0x000000077c200000,0x000000077d900000)
 ParOldGen       total 86016K, used 58959K [0x00000006c0000000, 0x00000006c5400000, 0x000000076ab00000)
  object space 86016K, 68% used [0x00000006c0000000,0x00000006c3993da0,0x00000006c5400000)
 Metaspace       used 6605K, capacity 7256K, committed 7424K, reserved 1056768K
  class space    used 612K, capacity 656K, committed 768K, reserved 1048576K
}
Event: 3.042 GC heap before
{Heap before GC invocations=8 (full 1):
 PSYoungGen      total 285696K, used 29673K [0x000000076ab00000, 0x000000077e500000, 0x00000007c0000000)
  eden space 256000K, 0% used [0x000000076ab00000,0x000000076ab00000,0x000000077a500000)
  from space 29696K, 99% used [0x000000077a500000,0x000000077c1fa7c0,0x000000077c200000)
  to   space 23552K, 0% used [0x000000077c200000,0x000000077c200000,0x000000077d900000)
 ParOldGen       total 86016K, used 58959K [0x00000006c0000000, 0x00000006c5400000, 0x000000076ab00000)
  object space 86016K, 68% used [0x00000006c0000000,0x00000006c3993da0,0x00000006c5400000)
 Metaspace       used 6605K, capacity 7256K, committed 7424K, reserved 1056768K
  class space    used 612K, capacity 656K, committed 768K, reserved 1048576K
Event: 3.600 GC heap after
Heap after GC invocations=8 (full 1):
 PSYoungGen      total 285696K, used 0K [0x000000076ab00000, 0x000000077e500000, 0x00000007c0000000)
  eden space 256000K, 0% used [0x000000076ab00000,0x000000076ab00000,0x000000077a500000)
  from space 29696K, 0% used [0x000000077a500000,0x000000077a500000,0x000000077c200000)
  to   space 23552K, 0% used [0x000000077c200000,0x000000077c200000,0x000000077d900000)
 ParOldGen       total 165376K, used 83731K [0x00000006c0000000, 0x00000006ca180000, 0x000000076ab00000)
  object space 165376K, 50% used [0x00000006c0000000,0x00000006c51c4f00,0x00000006ca180000)
 Metaspace       used 6605K, capacity 7256K, committed 7424K, reserved 1056768K
  class space    used 612K, capacity 656K, committed 768K, reserved 1048576K
}
Event: 4.289 GC heap before
{Heap before GC invocations=9 (full 1):
 PSYoungGen      total 285696K, used 256000K [0x000000076ab00000, 0x000000077e500000, 0x00000007c0000000)
  eden space 256000K, 100% used [0x000000076ab00000,0x000000077a500000,0x000000077a500000)
  from space 29696K, 0% used [0x000000077a500000,0x000000077a500000,0x000000077c200000)
  to   space 23552K, 0% used [0x000000077c200000,0x000000077c200000,0x000000077d900000)
 ParOldGen       total 165376K, used 83731K [0x00000006c0000000, 0x00000006ca180000, 0x000000076ab00000)
  object space 165376K, 50% used [0x00000006c0000000,0x00000006c51c4f00,0x00000006ca180000)
 Metaspace       used 6643K, capacity 7320K, committed 7680K, reserved 1056768K
  class space    used 612K, capacity 656K, committed 768K, reserved 1048576K
Event: 4.352 GC heap after
Heap after GC invocations=9 (full 1):
 PSYoungGen      total 279552K, used 23537K [0x000000076ab00000, 0x000000077e500000, 0x00000007c0000000)
  eden space 256000K, 0% used [0x000000076ab00000,0x000000076ab00000,0x000000077a500000)
  from space 23552K, 99% used [0x000000077c200000,0x000000077d8fc628,0x000000077d900000)
  to   space 29696K, 0% used [0x000000077a500000,0x000000077a500000,0x000000077c200000)
 ParOldGen       total 165376K, used 98143K [0x00000006c0000000, 0x00000006ca180000, 0x000000076ab00000)
  object space 165376K, 59% used [0x00000006c0000000,0x00000006c5fd7f58,0x00000006ca180000)
 Metaspace       used 6643K, capacity 7320K, committed 7680K, reserved 1056768K
  class space    used 612K, capacity 656K, committed 768K, reserved 1048576K
}

